2022-04-05 14:48:02,872 INFO org.springframework.boot.StartupInfoLogger [main] Starting Section22Application using Java 16.0.1 on MSI with PID 16352 (D:\alteraa\TUGAS\31_Spring Boot Actuator\praktikum\section22\target\classes started by Hafidz in D:\alteraa\TUGAS\31_Spring Boot Actuator\praktikum\section22)
2022-04-05 14:48:02,876 DEBUG org.springframework.boot.StartupInfoLogger [main] Running with Spring Boot v2.6.4, Spring v5.3.16
2022-04-05 14:48:02,877 INFO org.springframework.boot.SpringApplication [main] No active profile set, falling back to 1 default profile: "default"
2022-04-05 14:48:03,744 INFO org.springframework.data.repository.config.RepositoryConfigurationDelegate [main] Bootstrapping Spring Data JPA repositories in DEFAULT mode.
2022-04-05 14:48:03,802 INFO org.springframework.data.repository.config.RepositoryConfigurationDelegate [main] Finished Spring Data repository scanning in 47 ms. Found 1 JPA repository interfaces.
2022-04-05 14:48:04,462 INFO org.springframework.boot.web.embedded.tomcat.TomcatWebServer [main] Tomcat initialized with port(s): 8080 (http)
2022-04-05 14:48:04,477 INFO org.apache.juli.logging.DirectJDKLog [main] Initializing ProtocolHandler ["http-nio-8080"]
2022-04-05 14:48:04,477 INFO org.apache.juli.logging.DirectJDKLog [main] Starting service [Tomcat]
2022-04-05 14:48:04,477 INFO org.apache.juli.logging.DirectJDKLog [main] Starting Servlet engine: [Apache Tomcat/9.0.58]
2022-04-05 14:48:04,617 INFO org.apache.juli.logging.DirectJDKLog [main] Initializing Spring embedded WebApplicationContext
2022-04-05 14:48:04,618 INFO org.springframework.boot.web.servlet.context.ServletWebServerApplicationContext [main] Root WebApplicationContext: initialization completed in 1677 ms
2022-04-05 14:48:04,682 INFO com.zaxxer.hikari.HikariDataSource [main] HikariPool-1 - Starting...
2022-04-05 14:48:04,905 INFO com.zaxxer.hikari.HikariDataSource [main] HikariPool-1 - Start completed.
2022-04-05 14:48:04,916 INFO org.springframework.boot.autoconfigure.h2.H2ConsoleAutoConfiguration [main] H2 console available at '/h2-ui'. Database available at 'jdbc:h2:mem:testdb'
2022-04-05 14:48:05,104 INFO org.hibernate.jpa.internal.util.LogHelper [main] HHH000204: Processing PersistenceUnitInfo [name: default]
2022-04-05 14:48:05,183 INFO org.hibernate.Version [main] HHH000412: Hibernate ORM core version 5.6.5.Final
2022-04-05 14:48:05,436 INFO org.hibernate.annotations.common.reflection.java.JavaReflectionManager [main] HCANN000001: Hibernate Commons Annotations {5.1.2.Final}
2022-04-05 14:48:05,620 INFO org.hibernate.dialect.Dialect [main] HHH000400: Using dialect: org.hibernate.dialect.H2Dialect
2022-04-05 14:48:06,567 INFO org.hibernate.engine.transaction.jta.platform.internal.JtaPlatformInitiator [main] HHH000490: Using JtaPlatform implementation: [org.hibernate.engine.transaction.jta.platform.internal.NoJtaPlatform]
2022-04-05 14:48:06,575 INFO org.springframework.orm.jpa.AbstractEntityManagerFactoryBean [main] Initialized JPA EntityManagerFactory for persistence unit 'default'
2022-04-05 14:48:06,847 WARN org.springframework.boot.autoconfigure.orm.jpa.JpaBaseConfiguration$JpaWebConfiguration [main] spring.jpa.open-in-view is enabled by default. Therefore, database queries may be performed during view rendering. Explicitly configure spring.jpa.open-in-view to disable this warning
2022-04-05 14:48:07,150 INFO org.apache.juli.logging.DirectJDKLog [main] Starting ProtocolHandler ["http-nio-8080"]
2022-04-05 14:48:07,194 INFO org.springframework.boot.web.embedded.tomcat.TomcatWebServer [main] Tomcat started on port(s): 8080 (http) with context path ''
2022-04-05 14:48:07,203 INFO org.springframework.boot.StartupInfoLogger [main] Started Section22Application in 5.073 seconds (JVM running for 7.24)
2022-04-05 14:48:07,206 INFO com.example.section22.Section22Application [main] Application is running
2022-04-05 14:48:07,207 INFO com.example.section22.Section22Application [main] Application debugging is started
2022-04-05 14:48:07,207 TRACE com.example.section22.Section22Application [main] A trace Message
2022-04-05 14:48:07,207 DEBUG com.example.section22.Section22Application [main] A Debug Message
2022-04-05 14:48:07,207 WARN com.example.section22.Section22Application [main] A WARN Message
2022-04-05 14:48:07,207 ERROR com.example.section22.Section22Application [main] An Error Message
2022-04-05 14:53:55,041 INFO org.apache.juli.logging.DirectJDKLog [http-nio-8080-exec-1] Initializing Spring DispatcherServlet 'dispatcherServlet'
2022-04-05 14:53:55,041 INFO org.springframework.web.servlet.FrameworkServlet [http-nio-8080-exec-1] Initializing Servlet 'dispatcherServlet'
2022-04-05 14:53:55,043 INFO org.springframework.web.servlet.FrameworkServlet [http-nio-8080-exec-1] Completed initialization in 1 ms
2022-04-05 14:53:55,069 WARN org.springframework.web.servlet.DispatcherServlet [http-nio-8080-exec-1] No mapping for GET /actuator
2022-04-05 14:53:55,386 WARN org.springframework.web.servlet.DispatcherServlet [http-nio-8080-exec-2] No mapping for GET /favicon.ico
2022-04-05 14:53:59,361 WARN org.springframework.web.servlet.DispatcherServlet [http-nio-8080-exec-3] No mapping for GET /actuator/
2022-04-05 14:54:17,712 WARN org.springframework.web.servlet.DispatcherServlet [http-nio-8080-exec-6] No mapping for GET /actuator/
2022-04-05 14:54:17,836 WARN org.springframework.web.servlet.DispatcherServlet [http-nio-8080-exec-7] No mapping for GET /favicon.ico
2022-04-05 14:54:36,341 WARN org.springframework.web.servlet.DispatcherServlet [http-nio-8080-exec-10] No mapping for GET /actuator/
2022-04-05 14:57:09,415 INFO org.springframework.orm.jpa.AbstractEntityManagerFactoryBean [SpringApplicationShutdownHook] Closing JPA EntityManagerFactory for persistence unit 'default'
2022-04-05 14:57:09,418 INFO com.zaxxer.hikari.HikariDataSource [SpringApplicationShutdownHook] HikariPool-1 - Shutdown initiated...
2022-04-05 14:57:09,428 INFO com.zaxxer.hikari.HikariDataSource [SpringApplicationShutdownHook] HikariPool-1 - Shutdown completed.
2022-04-05 14:57:39,144 INFO org.springframework.boot.StartupInfoLogger [main] Starting Section22ApplicationTests using Java 16.0.1 on MSI with PID 16324 (started by Hafidz in D:\alteraa\TUGAS\31_Spring Boot Actuator\praktikum\section22)
2022-04-05 14:57:39,146 DEBUG org.springframework.boot.StartupInfoLogger [main] Running with Spring Boot v2.6.4, Spring v5.3.16
2022-04-05 14:57:39,148 INFO org.springframework.boot.SpringApplication [main] No active profile set, falling back to 1 default profile: "default"
2022-04-05 14:57:41,195 INFO org.springframework.data.repository.config.RepositoryConfigurationDelegate [main] Bootstrapping Spring Data JPA repositories in DEFAULT mode.
2022-04-05 14:57:41,257 INFO org.springframework.data.repository.config.RepositoryConfigurationDelegate [main] Finished Spring Data repository scanning in 50 ms. Found 1 JPA repository interfaces.
2022-04-05 14:57:42,000 INFO org.hibernate.jpa.internal.util.LogHelper [main] HHH000204: Processing PersistenceUnitInfo [name: default]
2022-04-05 14:57:42,080 INFO org.hibernate.Version [main] HHH000412: Hibernate ORM core version 5.6.5.Final
2022-04-05 14:57:42,349 INFO org.hibernate.annotations.common.reflection.java.JavaReflectionManager [main] HCANN000001: Hibernate Commons Annotations {5.1.2.Final}
2022-04-05 14:57:42,534 INFO com.zaxxer.hikari.HikariDataSource [main] HikariPool-1 - Starting...
2022-04-05 14:57:42,743 INFO com.zaxxer.hikari.HikariDataSource [main] HikariPool-1 - Start completed.
2022-04-05 14:57:42,765 INFO org.hibernate.dialect.Dialect [main] HHH000400: Using dialect: org.hibernate.dialect.H2Dialect
2022-04-05 14:57:43,632 INFO org.hibernate.engine.transaction.jta.platform.internal.JtaPlatformInitiator [main] HHH000490: Using JtaPlatform implementation: [org.hibernate.engine.transaction.jta.platform.internal.NoJtaPlatform]
2022-04-05 14:57:43,644 INFO org.springframework.orm.jpa.AbstractEntityManagerFactoryBean [main] Initialized JPA EntityManagerFactory for persistence unit 'default'
2022-04-05 14:57:44,021 WARN org.springframework.boot.autoconfigure.orm.jpa.JpaBaseConfiguration$JpaWebConfiguration [main] spring.jpa.open-in-view is enabled by default. Therefore, database queries may be performed during view rendering. Explicitly configure spring.jpa.open-in-view to disable this warning
2022-04-05 14:57:45,194 INFO org.springframework.boot.autoconfigure.h2.H2ConsoleAutoConfiguration [main] H2 console available at '/h2-ui'. Database available at 'jdbc:h2:mem:testdb'
2022-04-05 14:57:45,284 INFO org.springframework.boot.actuate.endpoint.web.EndpointLinksResolver [main] Exposing 1 endpoint(s) beneath base path '/actuator'
2022-04-05 14:57:45,358 INFO org.springframework.boot.StartupInfoLogger [main] Started Section22ApplicationTests in 6.95 seconds (JVM running for 8.244)
2022-04-05 14:57:45,793 INFO org.springframework.orm.jpa.AbstractEntityManagerFactoryBean [SpringApplicationShutdownHook] Closing JPA EntityManagerFactory for persistence unit 'default'
2022-04-05 14:57:45,795 INFO com.zaxxer.hikari.HikariDataSource [SpringApplicationShutdownHook] HikariPool-1 - Shutdown initiated...
2022-04-05 14:57:45,798 INFO com.zaxxer.hikari.HikariDataSource [SpringApplicationShutdownHook] HikariPool-1 - Shutdown completed.
2022-04-05 15:00:36,631 INFO org.springframework.boot.StartupInfoLogger [main] Starting Section22Application using Java 16.0.1 on MSI with PID 10080 (D:\alteraa\TUGAS\31_Spring Boot Actuator\praktikum\section22\target\classes started by Hafidz in D:\alteraa\TUGAS\31_Spring Boot Actuator\praktikum\section22)
2022-04-05 15:00:36,634 DEBUG org.springframework.boot.StartupInfoLogger [main] Running with Spring Boot v2.6.4, Spring v5.3.16
2022-04-05 15:00:36,636 INFO org.springframework.boot.SpringApplication [main] No active profile set, falling back to 1 default profile: "default"
2022-04-05 15:00:38,519 INFO org.springframework.data.repository.config.RepositoryConfigurationDelegate [main] Bootstrapping Spring Data JPA repositories in DEFAULT mode.
2022-04-05 15:00:38,591 INFO org.springframework.data.repository.config.RepositoryConfigurationDelegate [main] Finished Spring Data repository scanning in 55 ms. Found 1 JPA repository interfaces.
2022-04-05 15:00:39,735 INFO org.springframework.boot.web.embedded.tomcat.TomcatWebServer [main] Tomcat initialized with port(s): 8080 (http)
2022-04-05 15:00:39,750 INFO org.apache.juli.logging.DirectJDKLog [main] Initializing ProtocolHandler ["http-nio-8080"]
2022-04-05 15:00:39,751 INFO org.apache.juli.logging.DirectJDKLog [main] Starting service [Tomcat]
2022-04-05 15:00:39,752 INFO org.apache.juli.logging.DirectJDKLog [main] Starting Servlet engine: [Apache Tomcat/9.0.58]
2022-04-05 15:00:39,925 INFO org.apache.juli.logging.DirectJDKLog [main] Initializing Spring embedded WebApplicationContext
2022-04-05 15:00:39,927 INFO org.springframework.boot.web.servlet.context.ServletWebServerApplicationContext [main] Root WebApplicationContext: initialization completed in 3185 ms
2022-04-05 15:00:40,174 INFO com.zaxxer.hikari.HikariDataSource [main] HikariPool-1 - Starting...
2022-04-05 15:00:40,521 INFO com.zaxxer.hikari.HikariDataSource [main] HikariPool-1 - Start completed.
2022-04-05 15:00:40,534 INFO org.springframework.boot.autoconfigure.h2.H2ConsoleAutoConfiguration [main] H2 console available at '/h2-ui'. Database available at 'jdbc:h2:mem:testdb'
2022-04-05 15:00:40,811 INFO org.hibernate.jpa.internal.util.LogHelper [main] HHH000204: Processing PersistenceUnitInfo [name: default]
2022-04-05 15:00:40,903 INFO org.hibernate.Version [main] HHH000412: Hibernate ORM core version 5.6.5.Final
2022-04-05 15:00:41,211 INFO org.hibernate.annotations.common.reflection.java.JavaReflectionManager [main] HCANN000001: Hibernate Commons Annotations {5.1.2.Final}
2022-04-05 15:00:41,396 INFO org.hibernate.dialect.Dialect [main] HHH000400: Using dialect: org.hibernate.dialect.H2Dialect
2022-04-05 15:00:42,204 INFO org.hibernate.engine.transaction.jta.platform.internal.JtaPlatformInitiator [main] HHH000490: Using JtaPlatform implementation: [org.hibernate.engine.transaction.jta.platform.internal.NoJtaPlatform]
2022-04-05 15:00:42,216 INFO org.springframework.orm.jpa.AbstractEntityManagerFactoryBean [main] Initialized JPA EntityManagerFactory for persistence unit 'default'
2022-04-05 15:00:42,536 WARN org.springframework.boot.autoconfigure.orm.jpa.JpaBaseConfiguration$JpaWebConfiguration [main] spring.jpa.open-in-view is enabled by default. Therefore, database queries may be performed during view rendering. Explicitly configure spring.jpa.open-in-view to disable this warning
2022-04-05 15:00:43,013 INFO org.springframework.boot.actuate.endpoint.web.EndpointLinksResolver [main] Exposing 1 endpoint(s) beneath base path '/actuator'
2022-04-05 15:00:43,038 INFO org.apache.juli.logging.DirectJDKLog [main] Starting ProtocolHandler ["http-nio-8080"]
2022-04-05 15:00:43,093 INFO org.springframework.boot.web.embedded.tomcat.TomcatWebServer [main] Tomcat started on port(s): 8080 (http) with context path ''
2022-04-05 15:00:43,107 INFO org.springframework.boot.StartupInfoLogger [main] Started Section22Application in 7.285 seconds (JVM running for 8.072)
2022-04-05 15:00:43,165 INFO com.example.section22.Section22Application [main] Application is running
2022-04-05 15:00:43,165 INFO com.example.section22.Section22Application [main] Application debugging is started
2022-04-05 15:00:43,165 TRACE com.example.section22.Section22Application [main] A trace Message
2022-04-05 15:00:43,165 DEBUG com.example.section22.Section22Application [main] A Debug Message
2022-04-05 15:00:43,166 WARN com.example.section22.Section22Application [main] A WARN Message
2022-04-05 15:00:43,166 ERROR com.example.section22.Section22Application [main] An Error Message
2022-04-05 15:00:50,565 INFO org.apache.juli.logging.DirectJDKLog [http-nio-8080-exec-1] Initializing Spring DispatcherServlet 'dispatcherServlet'
2022-04-05 15:00:50,565 INFO org.springframework.web.servlet.FrameworkServlet [http-nio-8080-exec-1] Initializing Servlet 'dispatcherServlet'
2022-04-05 15:00:50,567 INFO org.springframework.web.servlet.FrameworkServlet [http-nio-8080-exec-1] Completed initialization in 1 ms
2022-04-05 15:01:05,141 WARN org.springframework.web.servlet.DispatcherServlet [http-nio-8080-exec-6] No mapping for GET /actuator/info
2022-04-05 15:08:00,723 INFO org.springframework.orm.jpa.AbstractEntityManagerFactoryBean [SpringApplicationShutdownHook] Closing JPA EntityManagerFactory for persistence unit 'default'
2022-04-05 15:08:00,726 INFO com.zaxxer.hikari.HikariDataSource [SpringApplicationShutdownHook] HikariPool-1 - Shutdown initiated...
2022-04-05 15:08:00,730 INFO com.zaxxer.hikari.HikariDataSource [SpringApplicationShutdownHook] HikariPool-1 - Shutdown completed.
2022-04-05 20:50:40,457 INFO org.springframework.boot.StartupInfoLogger [main] Starting Section22Application using Java 16.0.1 on MSI with PID 12084 (D:\alteraa\TUGAS\31_Spring Boot Actuator\praktikum\section22\target\classes started by Hafidz in D:\alteraa\TUGAS\31_Spring Boot Actuator\praktikum\section22)
2022-04-05 20:50:40,478 DEBUG org.springframework.boot.StartupInfoLogger [main] Running with Spring Boot v2.6.4, Spring v5.3.16
2022-04-05 20:50:40,483 INFO org.springframework.boot.SpringApplication [main] No active profile set, falling back to 1 default profile: "default"
2022-04-05 20:50:45,062 INFO org.springframework.data.repository.config.RepositoryConfigurationDelegate [main] Bootstrapping Spring Data JPA repositories in DEFAULT mode.
2022-04-05 20:50:45,461 INFO org.springframework.data.repository.config.RepositoryConfigurationDelegate [main] Finished Spring Data repository scanning in 364 ms. Found 1 JPA repository interfaces.
2022-04-05 20:50:48,647 INFO org.springframework.boot.web.embedded.tomcat.TomcatWebServer [main] Tomcat initialized with port(s): 8080 (http)
2022-04-05 20:50:48,666 INFO org.apache.juli.logging.DirectJDKLog [main] Initializing ProtocolHandler ["http-nio-8080"]
2022-04-05 20:50:48,667 INFO org.apache.juli.logging.DirectJDKLog [main] Starting service [Tomcat]
2022-04-05 20:50:48,667 INFO org.apache.juli.logging.DirectJDKLog [main] Starting Servlet engine: [Apache Tomcat/9.0.58]
2022-04-05 20:50:49,443 INFO org.apache.juli.logging.DirectJDKLog [main] Initializing Spring embedded WebApplicationContext
2022-04-05 20:50:49,945 INFO org.springframework.boot.web.servlet.context.ServletWebServerApplicationContext [main] Root WebApplicationContext: initialization completed in 9150 ms
2022-04-05 20:50:51,029 INFO com.zaxxer.hikari.HikariDataSource [main] HikariPool-1 - Starting...
2022-04-05 20:50:52,563 INFO com.zaxxer.hikari.HikariDataSource [main] HikariPool-1 - Start completed.
2022-04-05 20:50:52,645 INFO org.springframework.boot.autoconfigure.h2.H2ConsoleAutoConfiguration [main] H2 console available at '/h2-ui'. Database available at 'jdbc:h2:mem:testdb'
2022-04-05 20:50:54,021 INFO org.hibernate.jpa.internal.util.LogHelper [main] HHH000204: Processing PersistenceUnitInfo [name: default]
2022-04-05 20:50:54,691 INFO org.hibernate.Version [main] HHH000412: Hibernate ORM core version 5.6.5.Final
2022-04-05 20:50:56,207 INFO org.hibernate.annotations.common.reflection.java.JavaReflectionManager [main] HCANN000001: Hibernate Commons Annotations {5.1.2.Final}
2022-04-05 20:50:56,670 INFO org.hibernate.dialect.Dialect [main] HHH000400: Using dialect: org.hibernate.dialect.H2Dialect
2022-04-05 20:50:58,459 INFO org.hibernate.engine.transaction.jta.platform.internal.JtaPlatformInitiator [main] HHH000490: Using JtaPlatform implementation: [org.hibernate.engine.transaction.jta.platform.internal.NoJtaPlatform]
2022-04-05 20:50:58,487 INFO org.springframework.orm.jpa.AbstractEntityManagerFactoryBean [main] Initialized JPA EntityManagerFactory for persistence unit 'default'
2022-04-05 20:50:59,205 WARN org.springframework.boot.autoconfigure.orm.jpa.JpaBaseConfiguration$JpaWebConfiguration [main] spring.jpa.open-in-view is enabled by default. Therefore, database queries may be performed during view rendering. Explicitly configure spring.jpa.open-in-view to disable this warning
2022-04-05 20:51:00,435 INFO org.springframework.boot.actuate.endpoint.web.EndpointLinksResolver [main] Exposing 1 endpoint(s) beneath base path '/actuator'
2022-04-05 20:51:00,483 INFO org.apache.juli.logging.DirectJDKLog [main] Starting ProtocolHandler ["http-nio-8080"]
2022-04-05 20:51:00,666 INFO org.springframework.boot.web.embedded.tomcat.TomcatWebServer [main] Tomcat started on port(s): 8080 (http) with context path ''
2022-04-05 20:51:00,708 INFO org.springframework.boot.StartupInfoLogger [main] Started Section22Application in 22.671 seconds (JVM running for 32.783)
2022-04-05 20:51:00,987 INFO com.example.section22.Section22Application [main] Application is running
2022-04-05 20:51:00,987 INFO com.example.section22.Section22Application [main] Application debugging is started
2022-04-05 20:51:00,987 TRACE com.example.section22.Section22Application [main] A trace Message
2022-04-05 20:51:00,988 DEBUG com.example.section22.Section22Application [main] A Debug Message
2022-04-05 20:51:00,988 WARN com.example.section22.Section22Application [main] A WARN Message
2022-04-05 20:51:00,988 ERROR com.example.section22.Section22Application [main] An Error Message
2022-04-05 21:22:51,077 INFO org.springframework.orm.jpa.AbstractEntityManagerFactoryBean [SpringApplicationShutdownHook] Closing JPA EntityManagerFactory for persistence unit 'default'
2022-04-05 21:22:51,316 INFO com.zaxxer.hikari.HikariDataSource [SpringApplicationShutdownHook] HikariPool-1 - Shutdown initiated...
2022-04-05 21:22:51,353 INFO com.zaxxer.hikari.HikariDataSource [SpringApplicationShutdownHook] HikariPool-1 - Shutdown completed.
